<?xml version="1.0" encoding="UTF-8"?>
<!-- Generated by org.testng.reporters.JUnitXMLReporter -->
<testsuite ignored="2" hostname="IN-580D5S3" failures="0" tests="6" name="TestonFireFox" time="0.305" errors="0" timestamp="2024-05-01T01:12:46 IST">
  <testcase classname="TestCases.TestMethods" name="openGoogle" time="0.0">
    <skipped/>
  </testcase> <!-- openGoogle -->
  <testcase classname="TestCases.TestMethods" name="searchOperation" time="0.0">
    <skipped/>
  </testcase> <!-- searchOperation -->
  <testcase classname="TestCases.TestMethods" name="verifyHomepage" time="0.0">
    <skipped/>
  </testcase> <!-- verifyHomepage -->
  <testcase classname="TestCases.TestMethods" name="searchProduct" time="0.0">
    <skipped/>
  </testcase> <!-- searchProduct -->
  <testcase classname="TestCases.TestMethods" name="selectProduct" time="0.0">
    <skipped/>
  </testcase> <!-- selectProduct -->
  <testcase classname="TestCases.TestMethods" name="selectAmazonFresh" time="0.0">
    <skipped/>
  </testcase> <!-- selectAmazonFresh -->
  <testcase classname="TestCases.TestMethods" name="signInClick" time="0.0">
    <ignored/>
  </testcase> <!-- signInClick -->
  <testcase classname="TestCases.TestMethods" name="signIn" time="0.0">
    <ignored/>
  </testcase> <!-- signIn -->
</testsuite> <!-- TestonFireFox -->
